0.029025	
0.179955	
0.354104	
54.000000	0.354104	0.394739	
72.000000	0.394739	0.441179	
50.000000	0.441179	0.522449	
51.000000	0.522449	0.574694	
0.621134	
60.000000	0.621134	0.690794	
0.806893	
48.000000	0.806893	0.870748	
46.000000	0.870748	0.917188	
91.000000	0.917188	0.963628	
1.044898	
1.079728	
1.155193	
60.000000	1.317732	1.352562	
52.000000	1.352562	1.399002	
1.538322	
48.000000	1.538322	1.590567	
1.741497	
76.000000	1.741497	1.834376	
56.000000	1.834376	1.869206	
1.904036	
1.950476	
2.037551	
2.078186	
2.130431	
59.000000	2.130431	2.188481	
63.000000	2.188481	2.246531	
74.000000	2.281361	2.316190	
2.420680	
2.472925	
54.000000	2.513560	2.560000	
49.000000	2.560000	2.612245	
76.000000	2.664490	2.699320	
75.000000	2.699320	2.745760	
51.000000	2.745760	2.786395	
2.867664	
54.000000	2.867664	2.948934	
3.036009	
51.000000	3.036009	3.070839	
48.000000	3.070839	3.134694	
46.000000	3.134694	3.175329	
3.233379	
60.000000	3.233379	3.274014	
3.320454	
3.378503	
3.494603	
57.000000	3.616508	3.657143	
58.000000	3.657143	3.709388	
46.000000	3.709388	3.744218	
63.000000	3.744218	3.779048	
3.837098	
54.000000	3.837098	3.889342	
75.000000	3.889342	3.924172	
52.000000	3.924172	3.964807	
4.005442	
59.000000	4.005442	4.051882	
4.133152	
72.000000	4.167982	4.214422	
4.353741	
4.429206	
53.000000	4.429206	4.510476	
55.000000	4.510476	4.568526	
48.000000	4.568526	4.614966	
52.000000	4.614966	4.661406	
4.696236	
4.742676	
55.000000	4.742676	4.794921	
4.847166	
4.957460	
5.009705	
5.189660	
47.000000	5.241905	5.299955	
69.000000	5.346395	5.392834	
101.000000	5.392834	5.433469	
5.474104	
67.000000	5.474104	5.520544	
5.630839	
65.000000	5.630839	5.723719	
5.764354	
5.799184	
47.000000	5.799184	5.857234	
63.000000	5.857234	5.915283	
5.984943	
6.037188	
6.101043	
46.000000	6.101043	6.182313	
48.000000	6.217143	6.280998	
6.339048	
46.000000	6.339048	6.402902	
85.000000	6.402902	6.460952	
71.000000	6.460952	6.495782	
52.000000	6.577052	6.629297	
6.664127	
6.722177	
64.000000	6.722177	6.757007	
6.855692	
58.000000	6.855692	6.931156	
59.000000	6.931156	6.989206	
65.000000	7.076281	7.116916	
7.250431	
50.000000	7.250431	7.285261	
7.372336	
62.000000	7.372336	7.412971	
7.447800	
7.482630	
7.558095	
55.000000	7.558095	7.610340	
7.784490	
111.000000	7.784490	7.842540	
49.000000	7.888980	7.964444	
7.999274	
52.000000	7.999274	8.045714	
8.190839	
8.225669	
57.000000	8.225669	8.289524	
8.359184	
59.000000	8.359184	8.405624	
48.000000	8.405624	8.440454	
58.000000	8.510113	8.573968	
47.000000	8.573968	8.614603	
94.000000	8.614603	8.666848	
57.000000	8.794558	8.840998	
8.875828	
8.957098	
8.997732	
9.067392	
9.131247	
48.000000	9.131247	9.166077	
46.000000	9.166077	9.206712	
46.000000	9.206712	9.258957	
9.317007	
9.409887	
52.000000	9.409887	9.496961	
9.595646	
9.647891	
50.000000	9.647891	9.705941	
9.752381	
58.000000	9.752381	9.787211	
9.839456	
47.000000	9.839456	9.885896	
55.000000	9.885896	9.972971	
46.000000	9.972971	10.036825	
10.112290	
55.000000	10.112290	10.147120	
55.000000	10.147120	10.181950	
53.000000	10.181950	10.234195	
10.338685	
51.000000	10.338685	10.396735	
46.000000	10.396735	10.443175	
10.512834	
53.000000	10.512834	10.576689	
46.000000	10.576689	10.617324	
10.675374	
46.000000	10.675374	10.774059	
46.000000	10.774059	10.843719	
10.907574	
56.000000	10.907574	10.942404	
56.000000	10.942404	10.988844	
55.000000	10.988844	11.029478	
11.070113	
11.139773	
106.000000	11.139773	11.203628	
82.000000	11.203628	11.267483	
11.325533	
48.000000	11.325533	11.377778	
11.505488	
50.000000	11.505488	11.546122	
11.615782	
68.000000	11.673832	11.714467	
11.760907	
11.836372	
48.000000	11.836372	11.946667	
59.000000	11.946667	12.004717	
56.000000	12.004717	12.097596	
12.149841	
12.213696	
50.000000	12.213696	12.277551	
12.329796	
12.370431	
59.000000	12.428481	12.480726	
59.000000	12.480726	12.556190	
12.794195	
12.858050	
12.916100	
12.974150	
13.026395	
13.107664	
13.165714	
13.270204	
46.000000	13.270204	13.316644	
13.351474	
13.444354	
48.000000	13.444354	13.484989	
87.000000	13.484989	13.519819	
13.728798	
13.862313	
53.000000	13.862313	13.937778	
14.007438	
58.000000	14.007438	14.048073	
53.000000	14.048073	14.088707	
68.000000	14.158367	14.193197	
14.239637	
51.000000	14.303492	14.344127	
52.000000	14.344127	14.425397	
14.500862	
60.000000	14.500862	14.535692	
14.576327	
14.622766	
66.000000	14.762086	14.831746	
14.895601	
14.942041	
59.000000	14.942041	14.976871	
15.209070	
15.342585	
49.000000	15.342585	15.383220	
15.435465	
15.545760	
15.580590	
15.667664	
15.766349	
15.853424	
97.000000	15.853424	15.888254	
15.957914	
16.079819	
49.000000	16.079819	16.126259	
16.253968	
63.000000	16.317823	16.399093	
16.457143	
50.000000	16.457143	16.497778	
63.000000	16.561633	16.596463	
51.000000	16.596463	16.648707	
16.712562	
16.753197	
50.000000	16.753197	16.793832	
73.000000	16.793832	16.834467	
106.000000	16.834467	16.886712	
16.956372	
16.991202	
52.000000	16.991202	17.043447	
17.171156	
17.211791	
84.000000	17.316281	17.380136	
17.478821	
17.525261	
17.583311	
59.000000	17.583311	17.618141	
55.000000	17.681995	17.728435	
17.798095	
17.931610	
76.000000	17.931610	17.966440	
56.000000	17.966440	18.012880	
18.059320	
18.146395	
18.210249	
