219.237007	
62.000000	219.237007	219.358912	
64.000000	219.457596	219.480816	
62.000000	219.533061	219.608526	
220.566349	
113.000000	220.566349	220.688254	
64.000000	220.891429	221.013333	
63.000000	221.233923	221.384853	
61.000000	221.384853	221.454512	
77.000000	221.454512	221.518367	
57.000000	221.518367	221.570612	
102.000000	221.570612	221.680907	
63.000000	221.779592	221.820227	
62.000000	221.826032	222.214966	
98.000000	222.214966	222.296236	
63.000000	222.360091	222.487800	
94.000000	222.569070	222.731610	
98.000000	222.731610	222.737415	
64.000000	222.847710	222.899955	
100.000000	222.917370	223.027664	
223.991293	
62.000000	225.303220	225.349660	
98.000000	225.349660	225.367075	
63.000000	225.552834	225.901134	
226.017234	
104.000000	226.522268	226.748662	
226.771882	
63.000000	227.439456	227.886440	
95.000000	228.223129	228.350839	
67.000000	228.374059	229.151927	
61.000000	229.151927	229.180952	
68.000000	229.366712	229.564082	
67.000000	229.564082	230.179410	
67.000000	230.179410	230.446440	
68.000000	230.446440	231.253333	
109.000000	231.352018	231.508753	
68.000000	231.508753	232.182132	
104.000000	232.234376	232.402721	
70.000000	232.402721	232.542041	
70.000000	232.542041	232.890340	
69.000000	232.890340	232.971610	
94.000000	233.093515	233.279274	
70.000000	233.389569	233.453424	
69.000000	233.453424	233.604354	
69.000000	233.604354	233.813333	
69.000000	233.813333	233.853968	
74.000000	233.952653	234.074558	
70.000000	234.074558	234.266122	
71.000000	234.370612	234.521542	
72.000000	234.521542	234.579592	
72.000000	234.579592	234.765351	
72.000000	234.765351	234.939501	
72.000000	234.939501	235.444535	
72.000000	235.787029	235.984399	
71.000000	235.984399	236.077279	
68.000000	236.170159	236.297868	
66.000000	236.297868	236.437188	
67.000000	236.437188	236.622948	
67.000000	236.622948	236.686803	
73.000000	236.802902	237.011882	
75.000000	237.011882	237.186032	
75.000000	237.186032	237.377596	
75.000000	237.377596	237.412426	
73.000000	237.412426	237.563356	
75.000000	237.563356	237.743311	
75.000000	237.743311	237.923265	
75.000000	237.923265	238.103220	
74.000000	238.103220	238.619864	
72.000000	238.619864	238.735964	
74.000000	238.735964	238.770794	
74.000000	238.834649	239.090068	
72.000000	239.090068	239.270023	
72.000000	239.270023	239.467392	
72.000000	239.467392	240.256871	
93.000000	240.378776	240.744490	
110.000000	240.901224	241.017324	
70.000000	241.017324	241.278549	
70.000000	241.278549	241.435283	
71.000000	241.435283	242.218957	
71.000000	242.282812	242.346667	
70.000000	242.346667	242.433741	
71.000000	242.433741	242.782041	
60.000000	242.782041	243.159365	
71.000000	243.159365	243.385760	
72.000000	243.385760	244.070748	
71.000000	244.163628	244.233288	
70.000000	244.233288	244.564172	
66.000000	244.564172	244.819592	
69.000000	244.819592	244.866032	
68.000000	244.866032	245.109841	
94.000000	245.237551	245.492971	
76.000000	245.591655	245.736780	
75.000000	245.736780	245.829660	
75.000000	245.829660	245.922540	
75.000000	245.998005	246.305669	
75.000000	246.305669	246.485624	
75.000000	246.485624	246.653968	
75.000000	246.653968	246.758458	
75.000000	246.862948	247.135782	
75.000000	247.135782	247.257687	
74.000000	247.327347	247.362177	
76.000000	247.362177	247.611791	
75.000000	247.611791	247.791746	
75.000000	247.791746	247.890431	
75.000000	247.977506	248.180680	
74.000000	248.180680	248.372245	
74.000000	248.372245	248.558005	
75.000000	248.558005	248.743764	
75.000000	248.743764	248.830839	
75.000000	249.150113	249.335873	
75.000000	249.335873	249.521633	
75.000000	249.521633	249.782857	
76.000000	249.916372	250.415601	
74.000000	250.415601	250.462041	
75.000000	250.462041	250.560726	
75.000000	250.560726	250.694240	
74.000000	250.792925	250.897415	
78.000000	250.897415	251.077370	
79.000000	251.077370	251.541769	
81.000000	251.541769	252.093243	
80.000000	252.093243	252.122268	
75.000000	252.232562	252.662132	
76.000000	252.662132	252.847891	
75.000000	252.847891	252.940771	
77.000000	253.051066	253.643175	
77.000000	253.643175	253.817324	
77.000000	253.817324	254.008889	
77.000000	254.008889	254.403628	
77.000000	254.403628	254.693878	
78.000000	254.775147	254.891247	
77.000000	254.989932	255.262766	
77.000000	255.355646	255.390476	
77.000000	255.390476	255.622676	
77.000000	255.622676	255.808435	
77.000000	255.808435	255.878095	
80.000000	255.988390	256.255420	
75.000000	256.255420	256.412154	
75.000000	256.603719	257.021678	
74.000000	257.021678	257.213243	
74.000000	257.213243	257.404807	
74.000000	257.404807	257.607982	
74.000000	257.607982	257.805351	
74.000000	257.805351	258.066576	
75.000000	258.130431	258.205896	
116.000000	258.205896	258.496145	
74.000000	258.496145	258.571610	
75.000000	258.629660	258.710930	
74.000000	258.763175	258.809615	
72.000000	258.809615	259.535238	
72.000000	259.535238	260.109932	
75.000000	260.156372	260.162177	
75.000000	260.231837	260.777506	
74.000000	260.777506	260.963265	
74.000000	260.963265	261.166440	
74.000000	261.166440	261.363810	
74.000000	261.363810	261.979138	
76.000000	261.979138	262.008163	
76.000000	262.106848	262.147483	
76.000000	262.147483	262.182313	
76.000000	262.182313	262.217143	
76.000000	262.217143	262.234558	
54.000000	263.238821	263.807710	
64.000000	263.807710	264.208254	
116.000000	264.515918	264.562358	
66.000000	265.456327	265.531791	
62.000000	267.087528	267.174603	
63.000000	267.174603	267.279093	
63.000000	267.279093	267.406803	
115.000000	267.685442	267.981497	
64.000000	267.981497	268.236916	
63.000000	268.236916	268.411066	
62.000000	268.411066	268.585215	
62.000000	268.585215	269.177324	
63.000000	269.177324	269.850703	
116.000000	270.883991	271.081361	
67.000000	271.162630	271.400635	
67.000000	271.400635	271.824399	
117.000000	271.894059	272.010159	
70.000000	272.166893	273.409161	
70.000000	273.409161	273.490431	
71.000000	273.560091	273.600726	
72.000000	273.600726	275.876281	
73.000000	276.543855	278.279546	
68.000000	278.308571	278.349206	
67.000000	278.349206	278.384036	
68.000000	278.384036	278.430476	
68.000000	278.436281	278.604626	
96.000000	278.604626	279.318639	
69.000000	279.318639	279.376689	
67.000000	279.376689	279.475374	
70.000000	279.475374	279.620499	
115.000000	279.678549	279.823673	
68.000000	279.928163	279.968798	
67.000000	279.968798	280.021043	
65.000000	280.021043	280.055873	
64.000000	280.055873	280.137143	
68.000000	280.137143	280.404172	
64.000000	280.497052	280.531882	
65.000000	280.531882	280.827937	
114.000000	280.885986	280.920816	
116.000000	280.920816	280.984671	
60.000000	281.094966	281.454875	
62.000000	281.454875	281.605805	
63.000000	281.605805	282.058594	
72.000000	282.180499	282.226939	
63.000000	282.226939	282.702948	
65.000000	282.836463	283.126712	
73.000000	283.126712	283.295057	
73.000000	283.295057	283.602721	
72.000000	283.602721	283.753651	
73.000000	283.753651	283.968435	
71.000000	283.968435	284.130975	
72.000000	284.130975	284.206440	
74.000000	284.334150	284.398005	
73.000000	284.398005	284.612789	
71.000000	284.612789	284.688254	
72.000000	284.734694	284.815964	
100.000000	284.815964	285.059773	
72.000000	285.059773	285.135238	
68.000000	285.135238	285.216508	
71.000000	285.384853	285.605442	
71.000000	285.605442	285.704127	
66.000000	285.785397	286.087256	
68.000000	286.087256	286.290431	
66.000000	286.290431	286.383311	
64.000000	286.470385	286.644535	
66.000000	286.644535	286.737415	
64.000000	286.737415	286.952200	
66.000000	286.952200	287.399184	
103.000000	287.503673	287.561723	
69.000000	287.561723	287.735873	
67.000000	287.735873	288.310567	
76.000000	288.420862	288.769161	
63.000000	288.769161	288.931701	
63.000000	288.931701	289.204535	
108.000000	289.285805	289.384490	
65.000000	289.471565	289.866304	
124.000000	289.924354	289.999819	
61.000000	290.144943	291.004082	
60.000000	291.004082	291.044717	
114.000000	291.044717	291.079546	
116.000000	291.079546	292.879093	
60.000000	292.879093	293.047438	
49.000000	293.424762	294.638005	
72.000000	294.638005	294.812154	
73.000000	294.812154	294.980499	
74.000000	294.980499	295.067574	
72.000000	295.067574	295.264943	
73.000000	295.264943	295.305578	
73.000000	295.415873	295.468118	
73.000000	295.468118	295.653878	
72.000000	295.653878	296.083447	
71.000000	296.199546	296.257596	
68.000000	296.263401	296.338866	
115.000000	296.338866	296.518821	
67.000000	296.780045	297.180590	
66.000000	297.180590	297.366349	
112.000000	297.552109	297.656599	
66.000000	297.656599	297.813333	
66.000000	297.813333	297.865578	
114.000000	297.923628	298.388027	
76.000000	298.388027	298.800181	
73.000000	298.800181	298.951111	
74.000000	298.951111	299.125261	
74.000000	299.125261	299.305215	
75.000000	299.305215	299.340045	
73.000000	299.340045	299.508390	
74.000000	299.508390	299.572245	
75.000000	299.630295	299.728980	
75.000000	299.728980	299.908934	
74.000000	299.908934	300.088889	
74.000000	300.088889	300.268844	
74.000000	300.268844	300.338503	
64.000000	300.454603	300.762268	
69.000000	300.762268	300.802902	
69.000000	300.802902	300.907392	
67.000000	300.907392	300.953832	
67.000000	300.953832	301.098957	
111.000000	301.186032	301.273107	
73.000000	301.273107	301.400816	
71.000000	301.464671	301.482086	
72.000000	301.551746	301.633016	
75.000000	301.633016	301.667846	
76.000000	301.667846	301.946485	
75.000000	301.946485	302.027755	
71.000000	302.190295	302.277370	
69.000000	302.277370	302.416689	
70.000000	302.416689	302.689524	
75.000000	302.770794	302.886893	
77.000000	302.886893	302.927528	
77.000000	302.927528	303.026213	
75.000000	303.026213	303.362902	
77.000000	303.362902	303.548662	
77.000000	303.548662	303.920181	
76.000000	303.920181	304.105941	
76.000000	304.105941	304.181406	
78.000000	304.297506	304.332336	
78.000000	304.338141	304.436825	
66.000000	304.436825	304.471655	
76.000000	304.471655	304.663220	
65.000000	304.744490	305.156644	
64.000000	305.156644	305.371429	
65.000000	305.371429	305.539773	
67.000000	305.539773	305.650068	
68.000000	305.760363	305.812608	
68.000000	305.812608	305.847438	
68.000000	305.847438	305.882268	
68.000000	305.882268	305.957732	
68.000000	305.957732	305.969342	
71.000000	306.062222	306.201542	
71.000000	306.300227	306.346667	
72.000000	306.346667	306.387302	
73.000000	306.387302	306.427937	
72.000000	306.427937	306.468571	
71.000000	306.468571	306.613696	
72.000000	306.613696	306.723991	
62.000000	306.834286	307.014240	
66.000000	307.014240	308.024308	
68.000000	308.024308	309.469751	
310.311474	
68.000000	313.370703	313.475193	
68.000000	313.475193	313.544853	
68.000000	313.544853	313.602902	
67.000000	313.602902	313.713197	
68.000000	313.713197	313.753832	
66.000000	314.026667	314.102132	
68.000000	314.102132	314.189206	
68.000000	314.189206	314.276281	
67.000000	314.276281	314.380771	
70.000000	314.380771	314.514286	
105.000000	314.618776	314.903220	
67.000000	314.903220	314.984490	
68.000000	315.210884	315.292154	
66.000000	315.292154	315.402449	
68.000000	315.402449	315.437279	
67.000000	315.437279	315.530159	
65.000000	315.739138	315.965533	
65.000000	315.965533	316.052608	
81.000000	316.180317	316.232562	
62.000000	316.232562	316.418322	
61.000000	316.418322	317.393560	
58.000000	317.451610	317.544490	
62.000000	317.544490	317.736054	
62.000000	317.736054	317.898594	
61.000000	317.898594	318.043719	
62.000000	318.043719	318.246893	
68.000000	318.316553	318.722902	
72.000000	318.722902	318.885442	
72.000000	318.885442	319.065397	
71.000000	319.065397	319.233741	
72.000000	319.233741	319.419501	
71.000000	319.419501	319.593651	
72.000000	319.593651	319.761995	
72.000000	319.761995	319.866485	
73.000000	319.959365	320.150930	
74.000000	320.150930	320.208980	
70.000000	320.208980	320.354104	
73.000000	320.354104	320.429569	
70.000000	320.626939	320.638549	
70.000000	320.702404	320.737234	
70.000000	320.737234	320.777868	
70.000000	320.777868	320.888163	
73.000000	321.073923	321.149388	
72.000000	321.149388	321.619592	
68.000000	321.700862	321.979501	
93.000000	322.107211	322.403265	
64.000000	322.478730	322.548390	
65.000000	322.548390	322.977959	
65.000000	323.036009	323.604898	
66.000000	323.604898	323.622313	
68.000000	323.686168	323.900952	
67.000000	323.900952	325.334785	
64.000000	325.346395	325.456689	
66.000000	325.456689	325.508934	
66.000000	325.508934	326.072018	
66.000000	326.072018	326.124263	
64.000000	326.124263	326.176508	
61.000000	326.298413	327.488435	
60.000000	327.488435	328.359184	
70.000000	328.916463	328.974512	
70.000000	328.980317	329.090612	
64.000000	330.083265	330.501224	
49.000000	330.501224	330.553469	
80.000000	331.615782	331.900227	
332.016327	
63.000000	332.399456	332.428481	
65.000000	333.455964	333.514014	
67.000000	333.514014	333.548844	
52.000000	335.360000	335.377415	
74.000000	335.412245	335.464490	
76.000000	335.464490	336.811247	
68.000000	336.811247	336.904127	
69.000000	336.991202	337.409161	
67.000000	337.409161	337.565896	
67.000000	337.565896	338.123175	
113.000000	338.964898	339.394467	
70.000000	339.394467	339.504762	
68.000000	339.655692	339.760181	
68.000000	339.760181	339.806621	
68.000000	339.806621	340.003991	
69.000000	340.102676	340.149116	
69.000000	340.149116	340.189751	
67.000000	340.189751	340.305850	
69.000000	340.305850	340.480000	
110.000000	340.567075	340.572880	
73.000000	341.083719	341.269478	
73.000000	341.269478	341.449433	
73.000000	341.449433	341.629388	
72.000000	341.629388	341.780317	
74.000000	341.780317	341.919637	
74.000000	341.977687	342.076372	
73.000000	342.076372	342.233107	
72.000000	342.233107	342.418866	
72.000000	342.418866	342.598821	
72.000000	342.598821	342.784580	
72.000000	342.784580	342.970340	
72.000000	342.970340	343.144490	
72.000000	343.144490	343.330249	
72.000000	343.330249	343.510204	
72.000000	343.510204	343.661134	
74.000000	343.661134	343.759819	
76.000000	343.864308	344.108118	
112.000000	344.108118	344.183583	
66.000000	344.264853	344.450612	
65.000000	344.450612	344.746667	
64.000000	344.746667	344.909206	
69.000000	345.013696	345.060136	
69.000000	345.060136	345.106576	
69.000000	345.106576	345.408435	
68.000000	345.408435	345.483900	
71.000000	345.669660	345.925079	
65.000000	345.925079	345.959909	
63.000000	345.959909	346.041179	
63.000000	346.041179	347.277642	
62.000000	347.277642	348.456054	
96.000000	350.168526	350.174331	
93.000000	350.273016	350.336871	
117.000000	350.336871	350.615510	
77.000000	350.615510	350.783855	
76.000000	350.783855	350.865125	
76.000000	350.958005	351.074104	
77.000000	351.074104	351.248254	
77.000000	351.248254	351.393379	
79.000000	351.393379	351.927438	
78.000000	351.927438	352.269932	
79.000000	352.269932	352.455692	
79.000000	352.455692	352.809796	
79.000000	352.809796	352.983946	
79.000000	352.983946	355.044717	
82.000000	355.218866	355.305941	
122.000000	355.427846	355.596190	
74.000000	355.596190	355.787755	
72.000000	355.787755	355.869025	
73.000000	356.066395	356.797823	
75.000000	356.797823	357.180952	
74.000000	357.180952	357.331882	
75.000000	357.331882	357.366712	
74.000000	357.366712	357.517642	
75.000000	357.517642	357.703401	
75.000000	357.703401	357.894966	
75.000000	357.894966	358.620590	
76.000000	358.620590	358.632200	
76.000000	358.742494	359.044354	
115.000000	359.143039	359.433288	
67.000000	359.433288	359.694512	
62.000000	359.694512	359.978957	
65.000000	359.978957	360.141497	
65.000000	360.141497	360.292426	
65.000000	360.292426	360.362086	
115.000000	360.425941	360.930975	
67.000000	360.930975	360.971610	
67.000000	360.971610	361.012245	
67.000000	361.012245	361.052880	
67.000000	361.052880	361.134150	
67.000000	361.221224	361.424399	
68.000000	361.424399	361.964263	
66.000000	361.964263	362.138413	
66.000000	362.138413	362.550567	
68.000000	362.614422	362.649252	
67.000000	362.649252	362.753741	
70.000000	362.753741	363.014966	
67.000000	363.014966	363.061406	
93.000000	363.183311	363.502585	
72.000000	363.601270	363.659320	
72.000000	363.659320	363.758005	
72.000000	363.758005	364.146939	
74.000000	364.146939	364.315283	
74.000000	364.315283	364.384943	
73.000000	364.384943	364.553288	
73.000000	364.553288	364.663583	
75.000000	364.727438	364.820317	
74.000000	364.820317	364.988662	
75.000000	364.988662	365.180227	
74.000000	365.180227	365.331156	
77.000000	365.331156	365.633016	
79.000000	365.633016	365.929070	
77.000000	366.027755	366.126440	
78.000000	366.126440	366.201905	
82.000000	366.201905	366.341224	
82.000000	366.341224	368.280091	
72.000000	368.541315	368.790930	
72.000000	368.790930	368.872200	
73.000000	368.872200	369.040544	
72.000000	369.040544	369.400454	
75.000000	369.516553	369.986757	
76.000000	369.986757	370.021587	
77.000000	370.021587	370.189932	
81.000000	370.189932	370.364082	
81.000000	370.364082	373.394286	
76.000000	373.603265	373.655510	
66.000000	374.172154	374.230204	
93.000000	374.230204	374.282449	
66.000000	374.874558	374.920998	
66.000000	374.920998	375.054512	
64.000000	375.054512	375.449252	
114.000000	375.785941	375.832381	
62.000000	375.832381	376.308390	
62.000000	376.308390	378.258866	
85.000000	379.791383	379.797188	
380.447347	
64.000000	382.995737	383.001542	
106.000000	383.059592	383.094422	
65.000000	383.169887	383.210522	
65.000000	383.210522	383.338231	
65.000000	383.338231	383.442721	
66.000000	383.442721	383.512381	
65.000000	383.512381	383.674921	
66.000000	383.674921	383.889705	
115.000000	384.203175	384.272834	
69.000000	384.272834	387.012789	
387.482993	
64.000000	387.517823	387.558458	
64.000000	387.662948	387.668753	
63.000000	387.715193	387.906757	
62.000000	387.918367	388.376961	
388.452426	
116.000000	388.452426	388.493061	
116.000000	388.493061	388.684626	
72.000000	388.777506	389.021315	
72.000000	389.021315	389.114195	
71.000000	389.114195	389.445079	
72.000000	389.445079	389.520544	
117.000000	389.863039	389.979138	
75.000000	390.077823	390.571247	
74.000000	390.571247	390.751202	
74.000000	390.751202	390.925351	
74.000000	390.925351	391.111111	
74.000000	391.111111	391.262041	
75.000000	391.262041	391.459410	
74.000000	391.459410	391.604535	
75.000000	391.604535	392.028299	
76.000000	392.126984	395.807347	
72.000000	396.115011	396.178866	
73.000000	396.178866	396.532971	
73.000000	396.532971	396.689705	
72.000000	396.689705	396.869660	
72.000000	396.869660	397.055420	
72.000000	397.055420	397.426939	
72.000000	397.426939	398.071293	
74.000000	398.355737	398.483447	
75.000000	398.483447	398.489252	
73.000000	398.605351	398.611156	
74.000000	398.675011	398.715646	
74.000000	398.721451	399.638639	
69.000000	399.783764	400.091429	
111.000000	404.381315	404.526440	
108.000000	404.584490	404.671565	
126.000000	404.718005	404.787664	
406.993560	
407.173515	
101.000000	412.026485	412.119365	
61.000000	412.119365	412.154195	
61.000000	412.154195	412.206440	
61.000000	412.281905	412.363175	
64.000000	412.363175	412.374785	
73.000000	412.467664	412.525714	
63.000000	412.525714	412.636009	
61.000000	412.798549	412.856599	
59.000000	412.856599	412.891429	
59.000000	412.891429	413.593832	
415.468844	
60.000000	415.555918	415.799728	
62.000000	416.130612	416.165442	
61.000000	416.165442	416.345397	
105.000000	416.426667	416.571791	
58.000000	416.571791	416.682086	
58.000000	416.716916	416.757551	
94.000000	416.757551	416.896871	
68.000000	416.896871	417.390295	
62.000000	417.750204	417.808254	
65.000000	417.860499	417.901134	
61.000000	417.901134	418.028844	
60.000000	418.086893	418.127528	
60.000000	418.127528	418.411973	
62.000000	418.423583	418.499048	
102.000000	418.499048	418.539683	
102.000000	418.539683	418.742857	
72.000000	419.108571	419.120181	
56.000000	419.509116	419.834195	
129.000000	419.938685	420.014150	
117.000000	420.054785	420.060590	
73.000000	420.478549	420.681723	
106.000000	421.604717	421.685986	
111.000000	421.720816	421.778866	
116.000000	421.778866	421.900771	
98.000000	422.057506	422.138776	
100.000000	422.138776	422.144580	
422.330340	
107.000000	422.330340	422.458050	
422.562540	
62.000000	422.777324	423.183673	
61.000000	423.183673	423.317188	
424.948390	
109.000000	426.190658	426.248707	
54.000000	426.887256	426.933696	
130.000000	427.554830	427.932154	
428.106304	
75.000000	429.046712	429.058322	
63.000000	429.133787	429.209252	
429.458866	
102.000000	429.458866	429.534331	
68.000000	429.534331	429.667846	
69.000000	429.667846	429.853605	
69.000000	429.853605	430.062585	
67.000000	430.062585	430.422494	
68.000000	430.422494	430.643084	
68.000000	430.643084	431.641542	
74.000000	431.740227	431.989841	
68.000000	431.989841	432.570340	
107.000000	432.628390	433.005714	
69.000000	433.005714	433.168254	
69.000000	433.168254	433.574603	
94.000000	433.679093	433.957732	
70.000000	433.957732	433.998367	
69.000000	433.998367	434.068027	
71.000000	434.068027	434.114467	
71.000000	434.114467	434.155102	
69.000000	434.155102	434.311837	
69.000000	434.311837	434.346667	
68.000000	434.346667	434.393107	
106.000000	434.491791	434.631111	
70.000000	434.631111	434.805261	
72.000000	434.903946	435.020045	
73.000000	435.020045	435.060680	
72.000000	435.060680	435.101315	
72.000000	435.101315	435.397370	
71.000000	435.397370	435.554104	
72.000000	435.554104	435.745669	
71.000000	435.745669	435.832744	
72.000000	435.832744	435.919819	
72.000000	435.919819	436.047528	
71.000000	436.210068	436.360998	
71.000000	436.360998	436.540952	
71.000000	436.540952	436.639637	
67.000000	436.726712	436.825397	
67.000000	436.825397	436.860227	
67.000000	436.860227	436.982132	
67.000000	436.982132	437.144671	
67.000000	437.144671	437.249161	
70.000000	437.249161	437.359456	
72.000000	437.463946	437.545215	
73.000000	437.545215	437.696145	
75.000000	437.696145	437.870295	
75.000000	437.870295	438.044444	
75.000000	438.044444	438.079274	
73.000000	438.079274	438.224399	
75.000000	438.224399	438.259229	
73.000000	438.259229	438.410159	
75.000000	438.410159	438.607528	
73.000000	438.607528	438.764263	
75.000000	438.764263	439.217052	
73.000000	439.275102	439.420227	
72.000000	439.420227	439.553741	
73.000000	439.617596	439.867211	
72.000000	439.867211	440.052971	
72.000000	440.052971	440.209705	
73.000000	440.209705	440.418685	
72.000000	440.418685	440.598639	
72.000000	440.598639	440.778594	
72.000000	440.778594	441.213968	
62.000000	441.330068	441.893152	
109.000000	441.893152	442.015057	
70.000000	442.015057	442.421406	
69.000000	442.421406	443.326984	
71.000000	443.390839	443.425669	
71.000000	443.541769	443.692698	
73.000000	443.692698	443.826213	
72.000000	443.884263	443.971338	
116.000000	443.971338	444.110658	
70.000000	444.110658	444.238367	
71.000000	444.238367	444.476372	
71.000000	444.476372	444.569252	
70.000000	444.569252	445.178776	
71.000000	445.271655	445.521270	
68.000000	445.521270	445.666395	
66.000000	445.666395	445.921814	
69.000000	445.921814	446.159819	
67.000000	446.159819	446.212063	
93.000000	446.333968	446.693878	
76.000000	446.757732	446.966712	
75.000000	446.966712	447.065397	
75.000000	447.129252	447.169887	
114.000000	447.181497	447.390476	
77.000000	447.390476	447.460136	
74.000000	447.460136	447.727166	
75.000000	447.727166	447.860680	
74.000000	447.901315	447.959365	
75.000000	447.959365	448.232200	
75.000000	448.232200	448.325079	
74.000000	448.388934	448.423764	
75.000000	448.423764	448.534059	
75.000000	448.534059	448.684989	
75.000000	448.684989	448.719819	
74.000000	448.719819	448.847528	
75.000000	448.922993	449.190023	
74.000000	449.190023	449.381587	
74.000000	449.381587	449.735692	
74.000000	450.095601	450.269751	
73.000000	450.269751	450.461315	
73.000000	450.461315	450.641270	
74.000000	450.641270	450.705125	
65.000000	450.821224	451.099864	
67.000000	451.099864	451.233379	
74.000000	451.233379	451.268209	
75.000000	451.268209	451.303039	
75.000000	451.303039	451.337868	
75.000000	451.337868	451.482993	
76.000000	451.575873	451.674558	
77.000000	451.674558	451.947392	
81.000000	451.947392	452.876190	
75.000000	452.986485	453.212880	
75.000000	453.212880	453.317370	
75.000000	453.387029	453.561179	
75.000000	453.561179	453.683084	
75.000000	453.758549	453.967528	
77.000000	453.967528	454.130068	
77.000000	454.130068	454.217143	
77.000000	454.397098	454.577052	
77.000000	454.577052	454.774422	
77.000000	454.774422	455.151746	
77.000000	455.151746	455.349116	
77.000000	455.349116	455.534875	
77.000000	455.534875	455.813515	
80.000000	455.813515	455.912200	
77.000000	456.034104	456.068934	
78.000000	456.068934	456.475283	
77.000000	456.475283	456.527528	
80.000000	456.649433	456.701678	
76.000000	457.009342	457.044172	
75.000000	457.044172	457.218322	
75.000000	457.398277	457.676916	
74.000000	457.676916	457.827846	
75.000000	457.827846	458.025215	
74.000000	458.025215	458.216780	
74.000000	458.216780	458.402540	
74.000000	458.402540	458.669569	
76.000000	458.733424	458.768254	
76.000000	459.000454	459.192018	
74.000000	459.261678	459.371973	
72.000000	459.371973	459.830567	
72.000000	460.056961	460.556190	
75.000000	460.556190	460.561995	
75.000000	460.666485	460.817415	
73.000000	460.817415	460.875465	
75.000000	460.875465	461.409524	
74.000000	461.409524	461.601088	
75.000000	461.601088	463.243900	
76.000000	463.476100	463.516735	
77.000000	463.516735	463.557370	
77.000000	463.557370	463.592200	
104.000000	464.805442	464.904127	
63.000000	467.295782	467.353832	
63.000000	467.353832	467.388662	
63.000000	467.388662	467.487347	
63.000000	467.487347	467.557007	
64.000000	467.557007	467.713741	
62.000000	467.998186	468.509025	
63.000000	468.509025	468.694785	
63.000000	468.694785	468.851519	
63.000000	468.851519	469.925442	
115.000000	471.248980	471.301224	
115.000000	471.301224	471.643719	
68.000000	471.643719	471.823673	
68.000000	471.823673	472.491247	
116.000000	472.491247	472.572517	
116.000000	472.572517	474.279184	
71.000000	474.279184	476.781134	
65.000000	477.071383	477.129433	
68.000000	477.129433	477.634467	
67.000000	477.634467	477.797007	
68.000000	477.797007	478.911565	
68.000000	479.143764	479.184399	
69.000000	479.184399	479.225034	
67.000000	479.335329	479.370159	
66.000000	479.375964	479.805533	
69.000000	479.805533	479.851973	
68.000000	479.851973	480.014512	
67.000000	480.014512	480.084172	
113.000000	480.148027	480.275737	
67.000000	480.368617	480.461497	
65.000000	480.461497	480.565986	
68.000000	480.565986	480.821406	
65.000000	480.914286	481.297415	
113.000000	481.297415	481.436735	
72.000000	481.494785	481.808254	
63.000000	481.808254	482.400363	
63.000000	482.533878	482.702222	
64.000000	482.702222	482.754467	
64.000000	482.754467	482.992472	
66.000000	483.125986	483.514921	
73.000000	483.514921	483.706485	
73.000000	483.706485	484.014150	
73.000000	484.014150	484.118639	
73.000000	484.182494	484.356644	
73.000000	484.356644	484.536599	
73.000000	484.536599	484.623673	
74.000000	484.768798	484.803628	
73.000000	484.803628	484.913923	
72.000000	484.913923	485.018413	
72.000000	485.018413	485.105488	
73.000000	485.151927	485.157732	
100.000000	485.250612	485.273832	
70.000000	485.407347	485.494422	
72.000000	485.494422	485.807891	
71.000000	485.976236	486.185215	
70.000000	486.185215	486.272290	
66.000000	486.365170	486.475465	
68.000000	486.475465	486.672834	
66.000000	486.672834	486.817959	
66.000000	486.817959	486.992109	
67.000000	486.992109	487.061769	
62.000000	487.160454	487.340408	
66.000000	487.340408	487.706122	
67.000000	487.706122	487.932517	
65.000000	487.932517	488.321451	
101.000000	488.425941	488.483991	
68.000000	488.483991	488.652336	
67.000000	488.652336	488.803265	
67.000000	488.803265	489.151565	
66.000000	489.151565	489.198005	
93.000000	489.325714	489.604354	
63.000000	489.604354	489.761088	
64.000000	489.761088	490.138413	
108.000000	490.213878	490.318367	
65.000000	490.388027	490.817596	
114.000000	490.881451	490.956916	
62.000000	491.107846	491.258776	
61.000000	491.258776	492.083084	
61.000000	492.083084	492.129524	
114.000000	492.129524	493.516916	
61.000000	493.516916	493.894240	
62.000000	493.894240	494.196100	
72.000000	495.978231	496.198821	
73.000000	496.198821	496.349751	
72.000000	496.349751	496.489070	
74.000000	496.489070	496.715465	
73.000000	496.715465	496.750295	
74.000000	496.872200	496.907029	
73.000000	496.907029	497.086984	
72.000000	497.086984	497.446893	
72.000000	497.446893	497.510748	
69.000000	497.632653	497.777778	
115.000000	497.777778	497.824218	
115.000000	497.824218	497.951927	
68.000000	498.253787	498.422132	
67.000000	498.422132	498.596281	
66.000000	498.596281	498.776236	
67.000000	498.776236	498.845896	
69.000000	498.851701	499.043265	
69.000000	499.043265	499.136145	
67.000000	499.136145	499.229025	
70.000000	499.229025	499.368345	
69.000000	499.426395	499.739864	
72.000000	499.739864	499.780499	
75.000000	499.931429	500.012698	
75.000000	500.012698	500.471293	
75.000000	500.471293	500.651247	
75.000000	500.651247	500.825397	
75.000000	500.825397	501.016961	
75.000000	501.016961	501.127256	
74.000000	501.196916	501.266576	
76.000000	501.266576	501.307211	
74.000000	501.307211	501.469751	
74.000000	501.469751	501.655510	
74.000000	501.655510	501.835465	
74.000000	501.835465	501.916735	
76.000000	502.021224	502.363719	
66.000000	502.363719	502.410159	
69.000000	502.410159	502.729433	
68.000000	502.729433	502.787483	
110.000000	502.874558	502.979048	
73.000000	502.979048	503.025488	
71.000000	503.025488	503.071927	
73.000000	503.141587	503.176417	
73.000000	503.176417	503.182222	
99.000000	503.292517	503.397007	
75.000000	503.397007	503.542132	
75.000000	503.542132	503.629206	
71.000000	503.826576	503.989116	
71.000000	503.989116	504.174875	
72.000000	504.174875	504.238730	
71.000000	504.238730	504.349025	
76.000000	504.418685	504.523175	
77.000000	504.523175	504.656689	
76.000000	504.656689	504.813424	
77.000000	504.813424	505.004989	
76.000000	505.004989	505.190748	
76.000000	505.190748	505.277823	
76.000000	505.370703	505.562268	
76.000000	505.562268	505.730612	
76.000000	505.730612	505.782857	
59.000000	505.927982	506.165986	
66.000000	506.165986	506.467846	
67.000000	506.467846	506.700045	
65.000000	506.700045	506.880000	
67.000000	506.880000	506.978685	
68.000000	507.106395	507.164444	
68.000000	507.164444	507.205079	
68.000000	507.205079	507.297959	
68.000000	507.297959	507.356009	
68.000000	507.356009	507.361814	
71.000000	507.448889	507.489524	
71.000000	507.489524	507.553379	
69.000000	507.553379	507.617234	
71.000000	507.704308	507.750748	
72.000000	507.750748	507.768163	
73.000000	507.791383	507.832018	
73.000000	507.832018	507.901678	
71.000000	507.901678	508.151293	
63.000000	508.267392	508.429932	
66.000000	508.429932	509.451610	
68.000000	509.451610	509.672200	
68.000000	509.672200	510.200454	
67.000000	510.200454	510.304943	
70.000000	510.304943	510.763537	
62.000000	512.150930	512.168345	
118.000000	512.307664	512.423764	
99.000000	512.470204	512.644354	
513.271293	
106.000000	513.782132	513.857596	
48.000000	514.641270	515.262404	
69.000000	515.506213	515.546848	
68.000000	515.546848	515.686168	
68.000000	515.686168	515.738413	
69.000000	515.738413	515.779048	
69.000000	515.779048	515.825488	
67.000000	515.825488	516.017052	
66.000000	516.226032	516.498866	
67.000000	516.498866	516.649796	
68.000000	516.649796	516.725261	
108.000000	516.823946	516.934240	
67.000000	516.934240	517.085170	
66.000000	517.085170	517.143220	
107.000000	517.328980	517.433469	
65.000000	517.433469	517.561179	
66.000000	517.561179	517.648254	
66.000000	517.851429	517.944308	
65.000000	517.944308	518.310023	
76.000000	518.420317	518.466757	
63.000000	518.466757	518.838277	
61.000000	518.838277	519.616145	
108.000000	519.685805	519.784490	
61.000000	519.784490	520.585578	
71.000000	520.585578	520.782948	
72.000000	520.782948	520.910658	
73.000000	520.910658	521.096417	
72.000000	521.096417	521.270567	
72.000000	521.270567	521.450522	
72.000000	521.450522	521.630476	
72.000000	521.630476	521.804626	
72.000000	521.804626	522.100680	
73.000000	522.164535	522.414150	
71.000000	522.414150	522.518639	
70.000000	522.739229	522.745034	
71.000000	522.837914	522.884354	
70.000000	522.884354	523.023673	
72.000000	523.250068	523.319728	
72.000000	523.319728	523.464853	
73.000000	523.464853	523.528707	
71.000000	523.528707	523.842177	
69.000000	523.906032	523.987302	
66.000000	523.987302	524.144036	
66.000000	524.144036	524.196281	
93.000000	524.312381	524.654875	
65.000000	524.718730	524.800000	
65.000000	524.800000	525.217959	
65.000000	525.264399	525.833288	
67.000000	525.833288	525.914558	
68.000000	525.914558	526.175782	
67.000000	526.175782	526.785306	
69.000000	526.785306	527.719909	
66.000000	527.818594	527.853424	
66.000000	527.853424	528.393288	
64.000000	528.393288	528.509388	
67.000000	528.613878	529.821315	
61.000000	529.821315	529.856145	
61.000000	529.856145	530.152200	
62.000000	530.152200	530.964898	
61.000000	530.964898	531.110023	
79.000000	532.230385	532.311655	
532.996644	
64.000000	533.298503	533.397188	
65.000000	533.397188	533.402993	
130.000000	533.600363	534.494331	
61.000000	534.494331	534.500136	
49.000000	534.569796	534.691701	
61.000000	534.691701	534.720726	
73.000000	534.935510	534.993560	
73.000000	534.993560	535.486984	
66.000000	536.439002	536.578322	
536.932426	
66.000000	536.955646	537.977324	
75.000000	538.296599	538.348844	
75.000000	538.348844	538.639093	
76.000000	538.639093	538.958367	
76.000000	538.958367	539.149932	
75.000000	539.149932	539.242812	
68.000000	539.852336	540.218050	
68.000000	540.218050	540.903039	
112.000000	541.849252	542.185941	
70.000000	542.185941	542.406531	
69.000000	542.522630	542.644535	
68.000000	542.644535	542.696780	
68.000000	542.696780	542.934785	
69.000000	543.004444	543.062494	
69.000000	543.062494	543.364354	
102.000000	543.451429	544.008707	
73.000000	544.008707	544.182857	
73.000000	544.182857	544.351202	
74.000000	544.351202	544.525351	
73.000000	544.525351	544.653061	
74.000000	544.728526	544.809796	
73.000000	544.809796	544.862041	
73.000000	544.960726	545.076825	
74.000000	545.111655	545.146485	
72.000000	545.146485	545.262585	
72.000000	545.332245	545.378685	
74.000000	545.477370	545.512200	
72.000000	545.512200	545.657324	
74.000000	545.657324	545.692154	
72.000000	545.692154	545.796644	
73.000000	545.872109	545.912744	
73.000000	546.011429	546.046259	
72.000000	546.046259	546.144943	
74.000000	546.179773	546.214603	
72.000000	546.214603	546.365533	
74.000000	546.365533	546.446803	
75.000000	546.568707	546.626757	
113.000000	546.806712	546.946032	
66.000000	546.946032	547.120181	
65.000000	547.120181	547.352381	
64.000000	547.352381	547.509116	
66.000000	547.509116	547.590385	
70.000000	547.706485	547.799365	
68.000000	547.799365	547.880635	
68.000000	548.019955	548.060590	
68.000000	548.060590	548.147664	
72.000000	548.339229	548.588844	
65.000000	548.588844	548.629478	
64.000000	548.629478	548.670113	
64.000000	548.670113	548.710748	
64.000000	548.710748	549.836916	
61.000000	549.877551	551.311383	
116.000000	553.110930	553.145760	
115.000000	553.145760	553.348934	
77.000000	553.348934	553.494059	
77.000000	553.494059	553.615964	
76.000000	553.691429	553.737868	
77.000000	553.737868	554.486712	
79.000000	554.486712	554.835011	
79.000000	554.835011	554.910476	
79.000000	555.374875	557.157007	
81.000000	557.157007	557.348571	
81.000000	557.348571	557.720091	
81.000000	557.720091	557.900045	
81.000000	557.900045	557.992925	
80.000000	558.132245	558.318005	
116.000000	558.318005	558.497959	
73.000000	558.497959	558.788209	
73.000000	558.840454	558.956553	
73.000000	558.956553	559.130703	
75.000000	559.130703	560.216236	
76.000000	560.216236	560.396190	
76.000000	560.396190	560.431020	
74.000000	560.431020	560.761905	
76.000000	560.761905	561.162449	
74.000000	561.162449	561.313379	
75.000000	561.313379	561.481723	
75.000000	561.481723	561.539773	
54.000000	561.673288	561.708118	
112.000000	562.108662	562.509206	
68.000000	562.509206	562.665941	
61.000000	562.729796	562.967800	
67.000000	562.967800	563.449615	
113.000000	563.519274	563.687619	
67.000000	563.687619	563.995283	
67.000000	563.995283	564.035918	
67.000000	564.035918	564.076553	
67.000000	564.076553	564.117188	
67.000000	564.117188	564.157823	
66.000000	564.268118	564.517732	
67.000000	564.517732	564.871837	
66.000000	564.871837	565.690340	
68.000000	565.748390	565.789025	
69.000000	565.789025	565.945760	
71.000000	565.945760	566.218594	
93.000000	566.340499	566.775873	
73.000000	566.775873	566.810703	
72.000000	566.810703	566.955828	
71.000000	566.955828	567.431837	
72.000000	567.431837	567.611791	
72.000000	567.611791	567.675646	
74.000000	567.675646	567.768526	
73.000000	567.768526	568.023946	
75.000000	568.023946	568.192290	
75.000000	568.192290	568.372245	
75.000000	568.372245	568.459320	
76.000000	568.540590	568.662494	
79.000000	568.662494	569.167528	
80.000000	569.167528	569.295238	
78.000000	569.399728	569.457778	
81.000000	569.457778	569.597098	
73.000000	571.942313	571.988753	
72.000000	572.099048	572.702766	
71.000000	572.702766	572.894331	
71.000000	572.894331	573.126531	
73.000000	573.126531	573.155556	
75.000000	573.260045	573.654785	
63.000000	573.736054	573.770884	
76.000000	573.770884	573.898594	
78.000000	573.898594	574.444263	
81.000000	574.444263	574.653243	
82.000000	574.653243	575.187302	
82.000000	575.187302	575.553016	
82.000000	575.553016	576.777868	
81.000000	576.899773	576.922993	
66.000000	577.938866	577.967891	
63.000000	577.991111	578.525170	
578.577415	
65.000000	578.577415	578.612245	
65.000000	578.612245	578.751565	
65.000000	578.751565	579.053424	
84.000000	579.378503	579.436553	
62.000000	579.436553	579.558458	
63.000000	579.558458	579.796463	
63.000000	579.796463	579.976417	
63.000000	579.976417	581.694694	
65.000000	582.402902	582.437732	
66.000000	583.378141	583.807710	
584.997732	
586.274830	
65.000000	587.284898	587.505488	
65.000000	587.505488	587.650612	
65.000000	587.650612	587.813152	
66.000000	587.813152	587.917642	
64.000000	588.265941	588.312381	
68.000000	588.312381	588.445896	
68.000000	588.445896	591.052336	
67.000000	591.052336	591.435465	
113.000000	592.724172	592.759002	
115.000000	592.759002	592.799637	
115.000000	592.799637	592.834467	
115.000000	592.834467	592.985397	
72.000000	593.159546	593.356916	
73.000000	593.356916	593.484626	
73.000000	593.484626	593.554286	
72.000000	593.554286	593.589116	
71.000000	593.589116	593.734240	
71.000000	593.734240	593.896780	
72.000000	593.896780	594.007075	
116.000000	594.320544	594.430839	
74.000000	595.051973	595.231927	
74.000000	595.231927	595.406077	
74.000000	595.406077	595.591837	
74.000000	595.591837	595.777596	
74.000000	595.777596	596.085261	
77.000000	597.902222	599.225760	
76.000000	599.225760	599.347664	
73.000000	599.846893	600.009433	
73.000000	600.009433	600.096508	
75.000000	600.369342	600.433197	
73.000000	600.433197	600.787302	
72.000000	600.787302	600.880181	
73.000000	600.944036	601.123991	
73.000000	601.123991	601.245896	
73.000000	601.309751	601.501315	
73.000000	601.501315	601.623220	
73.000000	601.687075	601.803175	
73.000000	601.867029	602.081814	
75.000000	602.453333	602.482358	
75.000000	602.592653	602.668118	
75.000000	602.766803	602.795828	
74.000000	602.911927	602.946757	
74.000000	602.946757	602.975782	
73.000000	603.080272	603.573696	
604.392200	
606.540045	
109.000000	606.621315	606.667755	
109.000000	606.667755	606.714195	
110.000000	606.714195	606.743220	
129.000000	606.969615	607.033469	
607.521088	
53.000000	607.834558	607.904218	
109.000000	609.181315	609.221950	
107.000000	612.374059	612.420499	
116.000000	612.646893	612.693333	
129.000000	612.693333	612.786213	
130.000000	612.786213	612.931338	
129.000000	612.977778	612.995193	
126.000000	613.041633	613.163537	
109.000000	613.482812	613.749841	
65.000000	613.976236	613.999456	
58.000000	614.608980	614.667029	
55.000000	614.759909	614.794739	
54.000000	614.794739	614.928254	
73.000000	614.928254	615.949932	
57.000000	615.949932	617.528889	
64.000000	623.560272	623.606712	
65.000000	623.995646	624.036281	
68.000000	624.134966	624.163991	
55.000000	639.680726	639.982585	
56.000000	640.046440	640.052245	
62.000000	640.365714	640.481814	
105.000000	640.859138	640.922993	
57.000000	641.306122	641.538322	
63.000000	641.938866	642.397460	
52.000000	643.697778	643.703583	
644.742676	
65.000000	647.296871	647.331701	
110.000000	647.331701	647.372336	
68.000000	647.372336	647.523265	
67.000000	647.523265	647.656780	
68.000000	647.656780	647.825125	
67.000000	647.825125	648.051519	
68.000000	648.051519	648.266304	
68.000000	648.266304	648.428844	
69.000000	648.428844	649.090612	
70.000000	649.160272	649.311202	
68.000000	649.311202	649.694331	
70.000000	649.694331	649.822041	
93.000000	649.885896	649.943946	
70.000000	650.013605	650.361905	
70.000000	650.361905	650.454785	
70.000000	650.553469	650.774059	
70.000000	650.774059	650.820499	
69.000000	650.820499	650.971429	
69.000000	650.971429	651.075918	
108.000000	651.168798	651.273288	
70.000000	651.273288	651.441633	
72.000000	651.534512	651.621587	
72.000000	651.621587	651.656417	
72.000000	651.656417	651.697052	
72.000000	651.697052	651.882812	
72.000000	651.882812	652.242721	
72.000000	652.242721	652.376236	
72.000000	652.463311	652.695510	
71.000000	652.695510	652.794195	
67.000000	652.881270	653.136689	
68.000000	653.136689	653.241179	
72.000000	653.368889	653.444354	
73.000000	653.444354	653.606893	
73.000000	653.606893	653.786848	
73.000000	653.786848	653.937778	
75.000000	653.937778	654.117732	
75.000000	654.117732	654.291882	
75.000000	654.291882	654.466032	
75.000000	654.466032	654.634376	
75.000000	654.634376	654.814331	
73.000000	654.814331	654.959456	
72.000000	654.959456	655.145215	
73.000000	655.145215	655.406440	
72.000000	655.406440	655.586395	
72.000000	655.586395	655.777959	
72.000000	655.777959	655.963719	
72.000000	655.963719	656.149478	
72.000000	656.149478	656.242358	
75.000000	656.346848	656.497778	
108.000000	656.683537	656.863492	
71.000000	656.863492	656.927347	
71.000000	656.927347	657.043447	
72.000000	657.043447	657.507846	
72.000000	657.635556	657.815510	
72.000000	657.815510	657.972245	
71.000000	657.978050	658.076735	
72.000000	658.076735	658.146395	
69.000000	658.146395	658.419229	
72.000000	658.419229	658.697868	
71.000000	658.697868	658.877823	
72.000000	658.959093	659.075193	
69.000000	659.075193	659.719546	
73.000000	659.719546	659.911111	
68.000000	659.974966	660.131701	
67.000000	660.131701	660.317460	
69.000000	660.317460	660.392925	
67.000000	660.392925	660.485805	
69.000000	660.485805	660.572880	
67.000000	660.572880	660.636735	
93.000000	660.735420	660.956009	
75.000000	661.054694	661.234649	
75.000000	661.234649	661.344943	
75.000000	661.408798	661.722268	
75.000000	661.722268	661.902222	
75.000000	661.902222	662.087982	
74.000000	662.087982	662.169252	
75.000000	662.262132	662.349206	
75.000000	662.349206	662.529161	
75.000000	662.529161	662.633651	
74.000000	662.697506	662.819410	
75.000000	662.819410	662.993560	
75.000000	662.993560	663.121270	
75.000000	663.196735	663.289615	
74.000000	663.289615	663.452154	
75.000000	663.452154	663.550839	
74.000000	663.643719	663.835283	
74.000000	663.835283	664.009433	
75.000000	664.009433	664.555102	
75.000000	664.555102	664.758277	
73.000000	664.758277	664.938231	
74.000000	664.938231	664.973061	
76.000000	665.100771	665.129796	
73.000000	665.582585	665.640635	
75.000000	665.640635	665.692880	
75.000000	665.692880	665.838005	
75.000000	665.925079	666.197914	
78.000000	666.197914	666.255964	
75.000000	667.341497	667.579501	
75.000000	667.579501	667.840726	
75.000000	667.840726	667.875556	
74.000000	667.875556	668.014875	
76.000000	668.014875	668.101950	
77.000000	668.183220	668.316735	
77.000000	668.316735	668.479274	
77.000000	668.479274	668.537324	
77.000000	668.746304	668.932063	
77.000000	668.932063	668.995918	
77.000000	669.129433	669.181678	
77.000000	669.315193	669.367438	
77.000000	669.495147	669.959546	
77.000000	670.069841	670.249796	
78.000000	670.249796	670.296236	
77.000000	670.406531	670.441361	
78.000000	670.441361	670.487800	
77.000000	670.487800	670.679365	
77.000000	670.679365	670.754830	
80.000000	670.899955	671.085714	
75.000000	671.155374	671.161179	
75.000000	671.201814	671.271474	
75.000000	671.439819	671.724263	
74.000000	671.724263	671.904218	
74.000000	671.904218	672.089977	
75.000000	672.089977	672.293152	
74.000000	672.293152	672.484717	
75.000000	672.484717	672.682086	
74.000000	672.682086	672.774966	
76.000000	672.815601	672.885261	
116.000000	672.885261	673.012971	
73.000000	673.012971	673.233560	
75.000000	673.303220	673.309025	
72.000000	673.465760	673.860499	
73.000000	674.052063	674.104308	
73.000000	674.104308	674.249433	
75.000000	674.249433	674.336508	
72.000000	674.336508	674.591927	
75.000000	674.655782	674.754467	
76.000000	674.754467	675.108571	
74.000000	675.108571	675.294331	
75.000000	675.294331	675.491701	
75.000000	675.491701	675.683265	
75.000000	675.683265	676.118639	
76.000000	676.321814	676.362449	
76.000000	676.362449	676.397279	
75.000000	676.403084	676.478549	
87.000000	676.501769	676.583039	
56.000000	679.183673	680.756825	
63.000000	680.756825	680.826485	
51.000000	680.826485	680.913560	
63.000000	680.913560	680.948390	
63.000000	680.948390	681.151565	
63.000000	681.395374	681.517279	
62.000000	681.517279	681.598549	
64.000000	681.598549	681.668209	
63.000000	681.668209	681.836553	
63.000000	681.836553	682.887256	
63.000000	682.887256	683.386485	
116.000000	684.657778	685.035102	
67.000000	685.035102	685.162812	
68.000000	685.162812	685.249887	
65.000000	685.249887	685.766531	
116.000000	685.807166	685.847800	
115.000000	685.847800	686.138050	
70.000000	686.138050	686.637279	
70.000000	686.637279	686.805624	
70.000000	686.805624	686.979773	
70.000000	686.979773	687.142313	
70.000000	687.142313	687.496417	
72.000000	687.496417	689.313379	
68.000000	689.510748	689.975147	
73.000000	690.062222	690.120272	
68.000000	690.120272	690.242177	
68.000000	690.242177	690.822676	
67.000000	690.822676	691.008435	
67.000000	691.008435	691.188390	
67.000000	691.188390	691.368345	
67.000000	691.368345	691.496054	
69.000000	691.496054	691.977868	
69.000000	691.977868	692.059138	
69.000000	692.059138	692.157823	
68.000000	692.157823	692.169433	
94.000000	692.273923	692.308753	
93.000000	692.308753	692.715102	
70.000000	692.715102	692.796372	
66.000000	692.796372	692.924082	
67.000000	692.924082	692.993741	
69.000000	693.045986	693.138866	
68.000000	693.237551	693.330431	
66.000000	693.330431	693.632290	
66.000000	693.632290	693.701950	
65.000000	693.789025	693.823855	
66.000000	693.823855	694.038639	
65.000000	694.038639	694.096689	
112.000000	694.160544	694.236009	
61.000000	694.323084	694.357914	
61.000000	694.357914	695.176417	
62.000000	695.257687	695.321542	
63.000000	695.321542	695.455057	
64.000000	695.455057	695.635011	
65.000000	695.635011	695.780136	
92.000000	695.890431	696.215510	
74.000000	696.215510	696.407075	
73.000000	696.407075	696.546395	
73.000000	696.546395	696.691519	
72.000000	696.691519	696.732154	
73.000000	696.842449	696.912109	
72.000000	697.051429	697.213968	
73.000000	697.213968	697.289433	
73.000000	697.428753	697.510023	
71.000000	697.510023	697.666757	
72.000000	697.666757	697.707392	
98.000000	697.846712	697.893152	
70.000000	697.893152	697.974422	
68.000000	697.974422	698.026667	
71.000000	698.026667	698.189206	
71.000000	698.340136	698.345941	
71.000000	698.554921	698.641995	
67.000000	698.752290	698.839365	
69.000000	698.839365	698.880000	
67.000000	698.880000	699.036735	
67.000000	699.036735	699.205079	
67.000000	699.205079	699.286349	
64.000000	699.385034	699.576599	
66.000000	699.576599	699.884263	
67.000000	699.884263	700.099048	
65.000000	700.099048	700.331247	
68.000000	700.435737	700.476372	
68.000000	700.476372	700.673741	
67.000000	700.673741	701.190385	
66.000000	701.190385	701.236825	
94.000000	701.358730	701.399365	
76.000000	701.399365	701.498050	
63.000000	701.596735	701.759274	
63.000000	701.759274	702.124989	
110.000000	702.183039	702.345578	
66.000000	702.345578	702.746122	
67.000000	702.798367	702.885442	
62.000000	702.995737	703.094422	
61.000000	703.094422	703.878095	
117.000000	703.878095	704.441179	
61.000000	704.441179	704.621134	
62.000000	704.621134	705.584762	
73.000000	707.413333	707.587483	
74.000000	707.587483	707.691973	
73.000000	707.691973	707.773243	
74.000000	707.773243	707.808073	
72.000000	707.808073	707.993832	
72.000000	707.993832	708.011247	
73.000000	708.162177	708.371156	
72.000000	708.371156	708.713651	
72.000000	708.713651	708.765896	
74.000000	708.765896	708.789116	
67.000000	708.899410	708.934240	
67.000000	708.934240	709.021315	
115.000000	709.021315	709.195465	
67.000000	709.990748	710.054603	
112.000000	710.193923	710.391293	
70.000000	710.391293	710.530612	
70.000000	710.577052	710.698957	
73.000000	710.698957	710.751202	
72.000000	710.751202	710.844082	
76.000000	711.018231	711.053061	
76.000000	711.053061	711.262041	
74.000000	711.262041	711.447800	
74.000000	711.447800	711.592925	
75.000000	711.592925	711.767075	
75.000000	711.767075	711.981859	
74.000000	711.981859	712.063129	
76.000000	712.121179	712.446259	
73.000000	712.446259	712.602993	
74.000000	712.602993	712.765533	
75.000000	712.765533	712.852608	
58.000000	712.945488	713.206712	
68.000000	713.206712	713.241542	
68.000000	713.241542	713.340227	
68.000000	713.340227	713.386667	
68.000000	713.386667	713.566621	
99.000000	713.647891	713.746576	
72.000000	713.746576	713.827846	
73.000000	713.827846	713.833651	
73.000000	713.932336	714.019410	
98.000000	714.019410	714.060045	
76.000000	714.060045	714.129705	
75.000000	714.129705	714.408345	
71.000000	714.570884	714.634739	
69.000000	714.634739	714.803084	
71.000000	714.803084	714.913379	
72.000000	714.913379	715.070113	
74.000000	715.157188	715.279093	
75.000000	715.279093	715.342948	
76.000000	715.430023	715.493878	
76.000000	715.621587	715.679637	
76.000000	715.813152	715.981497	
77.000000	715.981497	716.167256	
77.000000	716.167256	716.347211	
76.000000	716.347211	716.405261	
76.000000	716.556190	716.800000	
53.000000	716.800000	717.409524	
66.000000	717.409524	717.531429	
67.000000	717.531429	717.624308	
67.000000	717.740408	717.798458	
68.000000	717.798458	717.839093	
68.000000	717.839093	717.931973	
68.000000	717.931973	717.966803	
71.000000	718.048073	718.140952	
69.000000	718.140952	718.181587	
72.000000	718.320907	718.344127	
73.000000	718.373152	718.407982	
73.000000	718.407982	718.442812	
73.000000	718.442812	718.738866	
61.000000	718.854966	719.981134	
68.000000	719.981134	720.410703	
67.000000	720.410703	720.770612	
67.000000	720.770612	721.031837	
722.964898	
51.000000	723.307392	723.440907	
104.000000	725.675828	725.739683	
68.000000	725.739683	725.867392	
68.000000	725.867392	725.942857	
68.000000	725.942857	726.053152	
68.000000	726.053152	726.250522	
62.000000	726.401451	726.610431	
70.000000	726.610431	726.825215	
68.000000	726.825215	726.894875	
109.000000	726.976145	727.109660	
67.000000	727.109660	727.237370	
69.000000	727.237370	727.347664	
67.000000	727.498594	727.678549	
68.000000	727.678549	727.806259	
66.000000	727.980408	728.021043	
66.000000	728.021043	728.055873	
65.000000	728.055873	728.241633	
64.000000	728.241633	728.427392	
66.000000	728.537687	728.578322	
63.000000	728.578322	728.740862	
63.000000	728.740862	729.675465	
64.000000	729.733515	729.820590	
62.000000	729.820590	730.337234	
63.000000	730.337234	730.743583	
71.000000	730.743583	730.882902	
72.000000	730.882902	731.068662	
72.000000	731.068662	731.248617	
72.000000	731.248617	731.422766	
72.000000	731.422766	731.602721	
72.000000	731.602721	731.759456	
72.000000	731.771066	731.834921	
73.000000	731.834921	732.072925	
73.000000	732.072925	732.177415	
70.000000	732.363175	732.432834	
70.000000	732.432834	732.467664	
70.000000	732.467664	732.508299	
70.000000	732.508299	732.543129	
70.000000	732.543129	732.606984	
73.000000	732.781134	732.874014	
72.000000	732.874014	733.326803	
68.000000	733.419683	733.500952	
67.000000	733.500952	733.715737	
81.000000	733.820227	733.953741	
65.000000	734.075646	734.145306	
65.000000	734.145306	734.598095	
64.000000	734.650340	734.690975	
67.000000	734.690975	734.743220	
65.000000	734.743220	735.126349	
68.000000	735.271474	735.434014	
68.000000	735.434014	736.885261	
66.000000	737.012971	737.477370	
66.000000	737.477370	737.500590	
61.000000	737.605079	737.692154	
61.000000	737.692154	738.731247	
61.000000	738.731247	739.567166	
61.000000	739.567166	739.619410	
64.000000	741.372517	741.436372	
90.000000	741.436372	741.552472	
742.852789	
129.000000	742.852789	742.858594	
56.000000	744.594286	744.687166	
745.801723	
75.000000	745.801723	746.051338	
76.000000	746.051338	746.237098	
75.000000	746.237098	746.393832	
75.000000	746.393832	746.922086	
69.000000	747.171701	747.728980	
68.000000	747.728980	747.903129	
68.000000	747.903129	748.315283	
68.000000	748.373333	748.379138	
76.000000	748.663583	748.698413	
76.000000	748.698413	748.715828	
113.000000	748.855147	748.895782	
113.000000	748.895782	748.942222	
71.000000	749.110567	749.145397	
71.000000	749.145397	749.197642	
68.000000	749.197642	749.325351	
107.000000	749.458866	749.592381	
68.000000	749.592381	749.783946	
69.000000	749.783946	749.795556	
69.000000	749.876825	749.929070	
69.000000	749.929070	749.981315	
67.000000	749.981315	750.126440	
110.000000	750.277370	750.283175	
73.000000	750.544399	750.834649	
73.000000	750.834649	751.014603	
73.000000	751.014603	751.182948	
73.000000	751.182948	751.310658	
74.000000	751.386122	751.629932	
72.000000	751.629932	751.815692	
72.000000	751.815692	752.001451	
72.000000	752.001451	752.181406	
72.000000	752.181406	752.367166	
72.000000	752.367166	752.523900	
74.000000	752.523900	752.628390	
74.000000	752.709660	752.808345	
74.000000	752.883810	752.982494	
76.000000	753.069569	753.324989	
111.000000	753.324989	753.615238	
65.000000	753.615238	753.841633	
64.000000	753.841633	753.975147	
66.000000	753.975147	754.044807	
66.000000	754.160907	754.201542	
70.000000	754.201542	754.218957	
69.000000	754.259592	754.288617	
68.000000	754.485986	754.584671	
72.000000	754.729796	754.956190	
65.000000	755.025850	755.066485	
64.000000	755.066485	756.227483	
62.000000	756.227483	757.475556	
93.000000	757.835465	759.118367	
115.000000	759.118367	759.362177	
76.000000	759.362177	759.489887	
77.000000	759.489887	759.582766	
77.000000	759.785941	759.832381	
80.000000	759.913651	759.954286	
78.000000	759.954286	760.970159	
79.000000	760.970159	762.212426	
79.000000	762.212426	763.402449	
81.000000	763.402449	763.530159	
124.000000	763.791383	763.971338	
73.000000	763.971338	764.180317	
74.000000	764.261587	764.354467	
74.000000	764.354467	764.395102	
73.000000	764.395102	764.551837	
75.000000	764.551837	764.946576	
74.000000	764.946576	765.114921	
75.000000	765.114921	765.300680	
75.000000	765.300680	765.863764	
74.000000	765.863764	766.542948	
76.000000	766.542948	766.577778	
74.000000	766.577778	766.699683	
78.000000	766.699683	766.804172	
66.000000	766.949297	767.326621	
101.000000	767.326621	767.547211	
66.000000	767.547211	767.779410	
60.000000	767.860680	767.895510	
63.000000	767.895510	768.005805	
67.000000	768.005805	768.087075	
68.000000	768.087075	768.406349	
70.000000	768.406349	768.539864	
69.000000	768.597914	769.033288	
67.000000	769.033288	769.073923	
67.000000	769.073923	769.108753	
67.000000	769.108753	769.155193	
67.000000	769.155193	769.219048	
63.000000	769.311927	769.346757	
66.000000	769.346757	769.410612	
67.000000	769.410612	769.741497	
67.000000	769.741497	769.921451	
66.000000	769.921451	770.687710	
66.000000	770.780590	770.966349	
68.000000	770.966349	771.006984	
69.000000	771.006984	771.134694	
71.000000	771.134694	771.221769	
68.000000	771.221769	771.436553	
93.000000	771.541043	771.976417	
73.000000	771.976417	772.098322	
72.000000	772.098322	772.138957	
72.000000	772.138957	772.614966	
73.000000	772.614966	772.777506	
74.000000	772.777506	772.864580	
74.000000	772.864580	772.963265	
73.000000	772.963265	773.073560	
75.000000	773.212880	773.392834	
75.000000	773.392834	773.566984	
75.000000	773.566984	773.723719	
77.000000	773.723719	773.810794	
78.000000	773.897868	773.973333	
77.000000	774.565442	774.600272	
78.000000	774.600272	774.652517	
81.000000	774.652517	774.733787	
83.000000	776.138594	776.666848	
72.000000	776.887438	776.986122	
72.000000	776.986122	777.154467	
71.000000	777.154467	777.340227	
71.000000	777.340227	777.415692	
73.000000	777.415692	777.525986	
71.000000	777.525986	777.711746	
71.000000	777.711746	777.932336	
73.000000	777.932336	777.955556	
75.000000	778.077460	778.385125	
77.000000	778.478005	779.139773	
81.000000	779.139773	779.313923	
81.000000	779.313923	779.493878	
81.000000	779.493878	780.393651	
81.000000	780.393651	780.770975	
81.000000	780.770975	781.798458	
81.000000	781.798458	781.804263	
782.564717	
65.000000	782.582132	783.034921	
783.116190	
66.000000	783.116190	783.238095	
65.000000	783.238095	783.406440	
65.000000	783.406440	783.679274	
114.000000	783.981134	784.288798	
62.000000	784.288798	784.608073	
63.000000	784.608073	784.788027	
63.000000	784.788027	785.757460	
62.000000	785.757460	786.303129	
62.000000	786.303129	786.848798	
51.000000	787.597642	788.329070	
65.000000	788.468390	788.480000	
66.000000	791.510204	791.719184	
65.000000	791.719184	791.881723	
66.000000	791.881723	791.980408	
69.000000	792.282268	793.234286	
67.000000	793.234286	794.923537	
69.000000	794.923537	795.393741	
114.000000	797.036553	797.077188	
116.000000	797.077188	797.390658	
72.000000	797.588027	797.791202	
72.000000	797.791202	797.826032	
73.000000	797.826032	797.918912	
72.000000	797.918912	798.046621	
71.000000	798.046621	798.209161	
72.000000	798.209161	798.348481	
116.000000	798.673560	798.818685	
75.000000	798.958005	799.312109	
75.000000	799.312109	799.375964	
74.000000	799.584943	799.764898	
74.000000	799.764898	799.944853	
74.000000	799.944853	800.124807	
74.000000	800.124807	800.298957	
74.000000	800.298957	800.473107	
74.000000	800.473107	800.635646	
75.000000	800.635646	800.809796	
75.000000	800.809796	801.146485	
77.000000	801.210340	802.092698	
77.000000	802.092698	802.266848	
77.000000	802.266848	802.795102	
77.000000	802.795102	803.317551	
77.000000	803.317551	803.973515	
77.000000	803.973515	804.281179	
74.000000	804.583039	804.762993	
73.000000	804.762993	804.931338	
73.000000	804.931338	805.082268	
74.000000	805.082268	805.111293	
65.000000	805.436372	805.488617	
73.000000	805.488617	806.011066	
72.000000	806.011066	806.098141	
73.000000	806.167800	806.283900	
72.000000	806.370975	806.533515	
73.000000	806.533515	806.667029	
73.000000	806.730884	806.841179	
73.000000	806.910839	807.067574	
73.000000	807.067574	807.346213	
75.000000	807.491338	807.630658	
74.000000	807.630658	807.793197	
74.000000	807.793197	807.920907	
73.000000	807.920907	807.973152	
75.000000	807.973152	807.978957	
74.000000	808.077642	808.147302	
74.000000	808.147302	808.187937	
73.000000	808.187937	808.234376	
74.000000	808.234376	808.240181	
810.097778	
92.000000	814.033560	814.062585	
129.000000	818.375692	818.416327	
109.000000	818.456961	818.532426	
102.000000	818.584671	818.613696	
123.000000	818.665941	818.764626	
819.072290	
61.000000	819.072290	819.118730	
65.000000	819.705034	820.053333	
66.000000	820.059138	820.262313	
59.000000	820.726712	820.732517	
101.000000	822.903583	822.909388	
99.000000	823.315737	823.327347	
98.000000	823.466667	823.623401	
61.000000	823.797551	823.954286	
104.000000	823.954286	824.018141	
56.000000	824.018141	824.209705	
74.000000	825.637732	825.788662	
75.000000	825.788662	825.800272	
54.000000	826.560726	826.583946	
64.000000	826.967075	827.030930	
65.000000	827.419864	827.466304	
111.000000	827.570794	827.646259	
53.000000	827.802993	827.826213	
94.000000	828.534422	828.818866	
829.004626	
109.000000	829.045261	829.056871	
829.486440	
51.000000	830.113379	830.287528	
831.088617	
831.181497	
65.000000	832.226395	832.354104	
64.000000	832.354104	832.365714	
48.000000	832.412154	832.470204	
67.000000	833.619592	833.851791	
67.000000	833.851791	834.351020	
68.000000	834.351020	834.554195	
68.000000	834.554195	834.687710	
67.000000	834.687710	835.250794	
66.000000	835.343673	835.459773	
67.000000	835.459773	836.046077	
112.000000	836.046077	836.138957	
69.000000	836.243447	836.556916	
69.000000	836.556916	836.638186	
70.000000	836.742676	836.969070	
70.000000	836.969070	837.160635	
69.000000	837.160635	837.253515	
72.000000	837.259320	837.375420	
107.000000	837.375420	837.503129	
70.000000	837.503129	837.625034	
72.000000	837.712109	837.793379	
73.000000	837.793379	837.857234	
73.000000	837.857234	838.042993	
72.000000	838.042993	838.513197	
73.000000	838.588662	838.652517	
72.000000	838.652517	838.739592	
73.000000	838.739592	838.913741	
68.000000	839.006621	839.116916	
68.000000	839.116916	839.378141	
73.000000	839.459410	839.505850	
73.000000	839.505850	839.656780	
75.000000	839.656780	839.691610	
74.000000	839.691610	839.836735	
74.000000	839.836735	840.028299	
73.000000	840.028299	840.208254	
73.000000	840.208254	840.376599	
73.000000	840.376599	840.521723	
74.000000	840.521723	841.183492	
72.000000	841.183492	841.276372	
73.000000	841.340227	841.595646	
73.000000	841.595646	841.775601	
72.000000	841.775601	841.961361	
72.000000	841.961361	842.141315	
72.000000	842.141315	842.396735	
75.000000	842.483810	842.681179	
105.000000	842.861134	842.930794	
69.000000	842.930794	843.075918	
71.000000	843.075918	843.244263	
70.000000	843.244263	843.412608	
70.000000	843.412608	843.586757	
70.000000	843.586757	843.755102	
71.000000	843.755102	843.929252	
71.000000	843.929252	844.115011	
71.000000	844.115011	844.213696	
72.000000	844.213696	844.347211	
73.000000	844.347211	844.480726	
72.000000	844.538776	844.620045	
72.000000	844.881270	845.049615	
72.000000	845.049615	845.624308	
71.000000	845.728798	845.966803	
68.000000	845.966803	846.117732	
67.000000	846.117732	846.407982	
68.000000	846.407982	846.442812	
69.000000	846.442812	846.692426	
75.000000	846.802721	846.849161	
76.000000	847.098776	847.272925	
75.000000	847.272925	847.389025	
75.000000	847.470295	847.795374	
74.000000	847.795374	847.963719	
75.000000	847.963719	848.149478	
74.000000	848.149478	848.236553	
75.000000	848.323628	848.399093	
75.000000	848.399093	848.590658	
74.000000	848.590658	848.683537	
74.000000	849.066667	849.171156	
75.000000	849.235011	849.478821	
75.000000	849.478821	849.983855	
74.000000	850.146395	850.320544	
73.000000	850.320544	850.500499	
73.000000	850.500499	850.692063	
74.000000	850.692063	850.750113	
77.000000	850.877823	850.988118	
67.000000	850.988118	851.382857	
75.000000	851.382857	851.452517	
75.000000	851.452517	851.516372	
75.000000	851.516372	851.684717	
76.000000	851.795011	852.003991	
81.000000	852.003991	852.874739	
75.000000	853.077914	853.461043	
76.000000	853.461043	853.571338	
74.000000	853.571338	853.733878	
76.000000	853.733878	853.809342	
77.000000	853.890612	853.925442	
78.000000	853.925442	854.320181	
79.000000	854.389841	854.465306	
77.000000	854.465306	854.947120	
80.000000	854.947120	855.144490	
80.000000	855.144490	855.411519	
78.000000	855.411519	855.475374	
77.000000	855.603084	855.881723	
78.000000	856.026848	856.084898	
77.000000	856.084898	856.276463	
77.000000	856.276463	856.380952	
79.000000	856.497052	856.543492	
76.000000	856.798912	856.833741	
75.000000	856.833741	857.036916	
75.000000	857.170431	857.414240	
74.000000	857.414240	857.605805	
74.000000	857.605805	857.797370	
74.000000	857.797370	858.006349	
74.000000	858.006349	858.180499	
76.000000	858.180499	858.284989	
63.000000	858.343039	858.412698	
115.000000	858.412698	858.894512	
74.000000	858.894512	858.964172	
75.000000	859.028027	859.062857	
77.000000	859.062857	859.266032	
73.000000	859.266032	859.486621	
72.000000	859.724626	860.003265	
73.000000	860.003265	860.200635	
73.000000	860.200635	860.247075	
74.000000	860.334150	860.392200	
76.000000	860.392200	860.752109	
74.000000	860.752109	860.949478	
74.000000	860.949478	861.164263	
74.000000	861.164263	861.268753	
74.000000	862.035011	862.058231	
75.000000	862.151111	862.220771	
75.000000	862.220771	862.255601	
77.000000	862.255601	862.302041	
77.000000	862.302041	862.365896	
76.000000	862.365896	862.406531	
864.043537	
91.000000	864.060952	864.351202	
64.000000	866.632562	866.789297	
63.000000	866.789297	866.864762	
64.000000	866.864762	866.986667	
63.000000	867.294331	867.329161	
61.000000	867.329161	867.567166	
63.000000	867.567166	867.828390	
63.000000	867.828390	869.209977	
113.000000	870.463855	870.516100	
115.000000	870.516100	870.800544	
68.000000	870.800544	870.899229	
68.000000	870.899229	870.957279	
68.000000	870.957279	871.560998	
116.000000	871.601633	871.706122	
72.000000	873.366349	875.177506	
71.000000	876.042449	876.100499	
68.000000	876.100499	876.431383	
68.000000	876.431383	876.611338	
67.000000	876.611338	876.785488	
67.000000	876.785488	877.847800	
68.000000	877.934875	877.952290	
69.000000	878.016145	878.050975	
69.000000	878.050975	878.138050	
69.000000	878.138050	878.178685	
64.000000	878.283175	878.875283	
69.000000	878.875283	878.915918	
68.000000	878.915918	879.037823	
70.000000	879.037823	879.235193	
94.000000	879.235193	879.270023	
93.000000	879.270023	879.357098	
67.000000	879.444172	879.508027	
66.000000	879.508027	879.571882	
65.000000	879.571882	879.664762	
66.000000	879.664762	879.908571	
65.000000	880.001451	880.372971	
123.000000	880.372971	880.489070	
61.000000	880.587755	880.674830	
61.000000	880.674830	880.872200	
62.000000	880.872200	881.493333	
63.000000	881.493333	881.557188	
63.000000	881.644263	881.679093	
64.000000	881.679093	882.126077	
67.000000	882.236372	882.549841	
74.000000	882.549841	882.700771	
73.000000	882.700771	883.025850	
72.000000	883.025850	883.205805	
72.000000	883.205805	883.391565	
72.000000	883.391565	883.536689	
74.000000	883.536689	883.617959	
73.000000	883.734059	883.768889	
73.000000	883.768889	883.995283	
71.000000	883.995283	884.088163	
100.000000	884.157823	884.268118	
69.000000	884.268118	884.517732	
71.000000	884.645442	884.860227	
71.000000	884.860227	884.958912	
69.000000	885.057596	885.562630	
64.000000	885.643900	885.870295	
65.000000	885.870295	886.148934	
67.000000	886.148934	886.619138	
68.000000	886.712018	886.770068	
69.000000	886.770068	886.967438	
67.000000	886.967438	887.501497	
81.000000	887.611791	887.861406	
63.000000	887.861406	888.012336	
64.000000	888.012336	888.290975	
94.000000	888.349025	888.430295	
66.000000	888.987574	889.068844	
62.000000	889.219773	889.974422	
114.000000	890.032472	890.125351	
64.000000	892.441542	893.312290	
73.000000	893.312290	893.457415	
73.000000	893.457415	893.532880	
73.000000	893.532880	893.573515	
73.000000	893.573515	893.608345	
73.000000	893.608345	893.736054	
72.000000	893.736054	893.892789	
73.000000	893.892789	893.910204	
74.000000	894.014694	894.264308	
73.000000	894.264308	894.618413	
72.000000	894.618413	894.693878	
67.000000	894.792562	894.902857	
115.000000	894.902857	895.065397	
69.000000	895.309206	895.680726	
69.000000	895.680726	895.831655	
71.000000	896.063855	896.139320	
69.000000	896.139320	896.255420	
71.000000	896.255420	896.388934	
70.000000	896.446984	896.528254	
73.000000	896.603719	896.789478	
75.000000	896.911383	896.952018	
76.000000	896.952018	897.015873	
75.000000	897.015873	897.149388	
74.000000	897.149388	897.311927	
75.000000	897.311927	897.352562	
74.000000	897.352562	897.497687	
75.000000	897.497687	897.532517	
73.000000	897.532517	897.683447	
75.000000	897.683447	897.892426	
74.000000	897.892426	897.979501	
75.000000	898.049161	898.147846	
75.000000	898.147846	898.321995	
75.000000	898.321995	898.356825	
73.000000	898.356825	898.687710	
75.000000	898.687710	898.745760	
76.000000	898.745760	898.757370	
76.000000	898.861859	898.896689	
68.000000	899.181134	899.233379	
68.000000	899.233379	899.308844	
68.000000	899.308844	899.343673	
68.000000	899.343673	899.575873	
108.000000	899.662948	899.767438	
73.000000	899.767438	899.831293	
74.000000	899.929977	899.964807	
73.000000	899.976417	900.046077	
75.000000	900.046077	900.144762	
75.000000	900.144762	900.336327	
74.000000	900.336327	900.429206	
71.000000	900.597551	900.684626	
69.000000	900.684626	900.835556	
71.000000	900.835556	901.003900	
71.000000	901.003900	901.125805	
73.000000	901.178050	901.265125	
75.000000	901.265125	901.299955	
74.000000	901.299955	901.445079	
76.000000	901.445079	901.619229	
76.000000	901.619229	901.799184	
77.000000	901.799184	901.979138	
77.000000	901.979138	902.170703	
76.000000	902.170703	902.350658	
77.000000	902.350658	902.466757	
78.000000	902.472562	902.635102	
61.000000	902.635102	902.687347	
66.000000	902.902132	903.273651	
66.000000	903.273651	903.552290	
67.000000	903.552290	903.720635	
67.000000	903.720635	903.784490	
66.000000	903.877370	904.074739	
69.000000	904.080544	904.161814	
70.000000	904.161814	904.237279	
69.000000	904.237279	904.301134	
72.000000	904.399819	904.434649	
73.000000	904.434649	904.469478	
73.000000	904.469478	904.510113	
73.000000	904.510113	904.544943	
72.000000	904.544943	904.695873	
72.000000	904.695873	904.771338	
73.000000	904.771338	904.800363	
62.000000	904.910658	904.991927	
66.000000	904.991927	905.218322	
67.000000	905.218322	905.740771	
67.000000	905.740771	906.164535	
67.000000	906.164535	907.168798	
54.000000	907.418413	907.969887	
108.000000	908.178866	908.271746	
107.000000	908.271746	908.312381	
908.573605	
65.000000	908.596825	909.217959	
909.560454	
910.106122	
88.000000	910.419592	910.442812	
64.000000	910.657596	911.632834	
99.000000	911.632834	911.708299	
68.000000	911.708299	911.824399	
68.000000	911.824399	911.870839	
68.000000	911.870839	911.940499	
68.000000	911.940499	912.137868	
69.000000	912.236553	912.294603	
68.000000	912.370068	912.503583	
67.000000	912.503583	912.538413	
68.000000	912.538413	912.573243	
70.000000	912.573243	912.619683	
68.000000	912.619683	912.863492	
104.000000	912.944762	913.362721	
67.000000	913.478821	913.786485	
68.000000	913.989660	914.024490	
67.000000	914.024490	914.082540	
64.000000	914.082540	914.152200	
67.000000	914.152200	914.454059	
75.000000	914.558549	914.610794	
62.000000	914.610794	914.750113	
62.000000	914.750113	914.790748	
62.000000	914.790748	915.690522	
63.000000	915.754376	915.835646	
61.000000	915.835646	916.027211	
62.000000	916.027211	916.183946	
62.000000	916.183946	916.340680	
62.000000	916.340680	916.735420	
72.000000	916.735420	916.903764	
72.000000	916.903764	917.077914	
72.000000	917.077914	917.252063	
72.000000	917.252063	917.437823	
72.000000	917.437823	917.606168	
72.000000	917.606168	917.780317	
72.000000	917.780317	917.960272	
72.000000	917.960272	918.058957	
73.000000	918.157642	918.355011	
73.000000	918.355011	918.511746	
70.000000	918.720726	918.836825	
70.000000	918.836825	918.871655	
70.000000	918.871655	918.906485	
70.000000	918.906485	919.103855	
73.000000	919.167710	919.417324	
71.000000	919.417324	919.620499	
70.000000	919.620499	919.904943	
69.000000	919.904943	920.050068	
69.000000	920.050068	920.183583	
93.000000	920.293878	920.613152	
65.000000	920.613152	920.740862	
65.000000	920.740862	921.286531	
65.000000	921.286531	921.936689	
68.000000	921.936689	922.087619	
68.000000	922.087619	922.168889	
68.000000	922.168889	923.800091	
66.000000	923.910385	924.485079	
66.000000	924.485079	924.531519	
60.000000	924.641814	924.740499	
61.000000	924.740499	925.773787	
61.000000	925.773787	927.149569	
61.000000	927.149569	927.277279	
63.000000	928.327982	928.478912	
928.525351	
63.000000	928.682086	929.018776	
53.000000	930.835737	930.876372	
65.000000	931.137596	931.149206	
76.000000	933.279637	933.366712	
75.000000	933.366712	933.418957	
75.000000	933.418957	933.749841	
75.000000	933.749841	934.011066	
75.000000	934.011066	934.185215	
75.000000	934.185215	934.434830	
68.000000	934.922449	935.322993	
68.000000	935.322993	935.886077	
67.000000	936.425941	936.634921	
110.000000	936.634921	936.925170	
72.000000	936.925170	937.047075	
69.000000	937.047075	937.151565	
67.000000	937.267664	937.360544	
67.000000	937.360544	937.540499	
68.000000	937.540499	937.610159	
67.000000	937.610159	937.703039	
68.000000	937.703039	937.981678	
106.000000	938.057143	938.179048	
72.000000	938.179048	938.300952	
73.000000	938.300952	938.475102	
73.000000	938.475102	938.637642	
73.000000	938.637642	938.805986	
72.000000	938.805986	938.974331	
73.000000	938.974331	939.096236	
74.000000	939.165896	939.403900	
73.000000	939.403900	939.444535	
74.000000	939.554830	939.589660	
72.000000	939.589660	939.728980	
74.000000	939.728980	939.763810	
72.000000	939.763810	939.943764	
73.000000	939.943764	940.094694	
73.000000	940.094694	940.158549	
73.000000	940.297868	940.483628	
73.000000	940.483628	940.518458	
76.000000	941.000272	941.075737	
110.000000	941.215057	941.743311	
65.000000	941.743311	941.969705	
68.000000	942.068390	942.178685	
68.000000	942.178685	942.318005	
68.000000	942.318005	942.381859	
68.000000	942.381859	942.515374	
72.000000	942.677914	942.915918	
64.000000	943.055238	943.978231	
63.000000	943.978231	944.071111	
113.000000	944.158186	944.814150	
63.000000	944.814150	945.650068	
115.000000	946.961995	947.147755	
77.000000	947.147755	947.310295	
76.000000	947.310295	947.420590	
77.000000	947.525079	947.588934	
77.000000	947.588934	947.757279	
78.000000	947.757279	947.943039	
77.000000	947.943039	948.047528	
80.000000	948.047528	950.984853	
79.000000	950.984853	951.048707	
124.000000	951.298322	951.431837	
74.000000	951.431837	951.611791	
73.000000	951.611791	951.681451	
74.000000	951.768526	951.867211	
74.000000	951.867211	952.041361	
75.000000	952.041361	952.424490	
74.000000	952.424490	952.604444	
75.000000	952.604444	952.790204	
74.000000	952.790204	953.335873	
74.000000	953.335873	953.660952	
77.000000	953.660952	954.020862	
77.000000	954.020862	954.061497	
75.000000	954.061497	954.224036	
75.000000	954.224036	954.282086	
66.000000	954.392381	954.514286	
116.000000	954.653605	954.729070	
103.000000	954.729070	955.193469	
63.000000	955.263129	956.006168	
114.000000	956.006168	956.081633	
67.000000	956.174512	956.395102	
67.000000	956.458957	956.493787	
67.000000	956.493787	956.528617	
67.000000	956.528617	956.569252	
67.000000	956.569252	956.644717	
68.000000	956.731791	956.772426	
68.000000	956.772426	957.132336	
66.000000	957.132336	958.136599	
69.000000	958.206259	958.241088	
69.000000	958.241088	958.386213	
70.000000	958.386213	958.688073	
93.000000	958.775147	959.239546	
73.000000	959.239546	959.344036	
73.000000	959.344036	959.419501	
71.000000	959.419501	959.489161	
73.000000	959.489161	959.721361	
73.000000	959.721361	959.907120	
72.000000	959.907120	960.081270	
73.000000	960.081270	960.197370	
76.000000	960.278639	960.342494	
74.000000	960.342494	960.516644	
75.000000	960.516644	960.673379	
77.000000	960.673379	960.853333	
77.000000	960.853333	960.911383	
80.000000	960.969433	961.137778	
80.000000	961.137778	961.323537	
80.000000	961.329342	961.422222	
79.000000	961.422222	961.718277	
83.000000	961.718277	961.805351	
82.000000	961.805351	961.898231	
82.000000	961.996916	962.246531	
73.000000	963.703583	963.779048	
73.000000	963.779048	963.941587	
73.000000	963.941587	964.028662	
72.000000	964.028662	964.220227	
72.000000	964.220227	964.301497	
72.000000	964.301497	964.411791	
72.000000	964.411791	964.591746	
72.000000	964.591746	964.765896	
72.000000	964.765896	964.870385	
75.000000	964.957460	965.247710	
77.000000	965.340590	965.375420	
78.000000	965.375420	965.717914	
81.000000	965.717914	966.019773	
81.000000	966.019773	966.083628	
79.000000	966.083628	967.714830	
87.000000	969.874286	969.909116	
66.000000	970.071655	970.199365	
65.000000	970.199365	970.245805	
65.000000	970.245805	970.623129	
113.000000	970.971429	971.017868	
62.000000	971.017868	971.290703	
63.000000	971.290703	971.459048	
63.000000	971.459048	971.807347	
63.000000	971.807347	972.968345	
63.000000	972.968345	973.322449	
62.000000	973.322449	973.740408	
46.000000	975.203265	975.592200	
122.000000	975.592200	975.853424	
61.000000	977.026032	977.089887	
71.000000	977.165351	978.384399	
66.000000	978.448254	978.587574	
66.000000	978.587574	978.674649	
66.000000	978.674649	978.744308	
65.000000	978.744308	979.034558	
61.000000	979.092608	979.289977	
69.000000	979.359637	979.609252	
68.000000	979.609252	982.343401	
111.000000	983.701769	983.759819	
112.000000	983.759819	983.835283	
115.000000	983.835283	983.870113	
114.000000	983.870113	984.125533	
72.000000	984.125533	984.456417	
71.000000	984.456417	984.589932	
71.000000	984.589932	984.764082	
71.000000	984.764082	984.897596	
72.000000	985.158821	985.199456	
118.000000	985.199456	985.338776	
75.000000	985.495510	985.501315	
74.000000	986.105034	986.284989	
74.000000	986.284989	986.459138	
74.000000	986.459138	986.639093	
74.000000	986.639093	986.819048	
74.000000	986.819048	986.987392	
74.000000	986.987392	987.149932	
74.000000	987.149932	987.318277	
74.000000	987.318277	987.631746	
77.000000	987.695601	988.229660	
77.000000	988.229660	988.328345	
77.000000	988.328345	988.514104	
78.000000	988.514104	989.599637	
77.000000	989.599637	989.947937	
78.000000	989.947937	990.116281	
78.000000	990.116281	990.278821	
78.000000	990.278821	990.882540	
74.000000	992.002902	992.426667	
72.000000	992.426667	992.612426	
72.000000	992.612426	992.792381	
73.000000	992.792381	992.978141	
72.000000	992.978141	993.163900	
72.000000	993.163900	993.338050	
72.000000	993.338050	993.976599	
74.000000	994.098503	994.249433	
75.000000	994.249433	994.353923	
74.000000	994.377143	994.458413	
74.000000	994.458413	994.499048	
74.000000	994.499048	994.533878	
74.000000	994.533878	994.574512	
74.000000	994.574512	994.597732	
74.000000	994.620952	994.696417	
73.000000	994.696417	994.702222	
997.935601	
67.000000	999.845442	1001.923628	
1006.724354	
